#
# There is insufficient memory for the Java Runtime Environment to continue.
# Native memory allocation (malloc) failed to allocate 32744 bytes for ChunkPool::allocate
# Possible reasons:
#   The system is out of physical RAM or swap space
#   In 32 bit mode, the process size limit was hit
# Possible solutions:
#   Reduce memory load on the system
#   Increase physical memory or swap space
#   Check if swap backing store is full
#   Use 64 bit Java on a 64 bit OS
#   Decrease Java heap size (-Xmx/-Xms)
#   Decrease number of Java threads
#   Decrease Java thread stack sizes (-Xss)
#   Set larger code cache with -XX:ReservedCodeCacheSize=
# This output file may be truncated or incomplete.
#
#  Out of Memory Error (allocation.cpp:273), pid=5040, tid=0x00000000000027e0
#
# JRE version: Java(TM) SE Runtime Environment (8.0_171-b11) (build 1.8.0_171-b11)
# Java VM: Java HotSpot(TM) 64-Bit Server VM (25.171-b11 mixed mode windows-amd64 compressed oops)
# Failed to write core dump. Minidumps are not enabled by default on client versions of Windows
#

---------------  T H R E A D  ---------------

Current thread (0x0000000017fc0800):  JavaThread "C2 CompilerThread0" daemon [_thread_in_native, id=10208, stack(0x0000000019640000,0x0000000019740000)]

Stack: [0x0000000019640000,0x0000000019740000]
[error occurred during error reporting (printing stack bounds), id 0xc0000005]

Native frames: (J=compiled Java code, j=interpreted, Vv=VM code, C=native code)


Current CompileTask:
C2:  49549 7940       4       msi.gama.outputs.layers.charts.ChartJFreeChartOutputScatter::resetSerie (679 bytes)


---------------  P R O C E S S  ---------------

Java Threads: ( => current thread )
  0x000000001e314000 JavaThread "pool-2-thread-10" [_thread_blocked, id=76, stack(0x0000000025610000,0x0000000025710000)]
  0x000000001e30f800 JavaThread "pool-2-thread-9" [_thread_blocked, id=3500, stack(0x0000000025510000,0x0000000025610000)]
  0x000000001e310800 JavaThread "pool-2-thread-8" [_thread_blocked, id=2996, stack(0x0000000025410000,0x0000000025510000)]
  0x000000001b340000 JavaThread "pool-2-thread-7" [_thread_blocked, id=8452, stack(0x0000000025310000,0x0000000025410000)]
  0x000000001b33f800 JavaThread "pool-2-thread-6" [_thread_blocked, id=8776, stack(0x0000000025210000,0x0000000025310000)]
  0x000000001b33e800 JavaThread "pool-2-thread-5" [_thread_blocked, id=8152, stack(0x0000000025110000,0x0000000025210000)]
  0x000000001b33e000 JavaThread "pool-2-thread-4" [_thread_blocked, id=7944, stack(0x0000000024f10000,0x0000000025010000)]
  0x000000001b33d000 JavaThread "pool-2-thread-3" [_thread_blocked, id=9052, stack(0x0000000024e10000,0x0000000024f10000)]
  0x000000001b33b000 JavaThread "pool-2-thread-2" [_thread_blocked, id=8664, stack(0x0000000024d10000,0x0000000024e10000)]
  0x000000001b33b800 JavaThread "pool-2-thread-1" [_thread_in_Java, id=5516, stack(0x0000000025010000,0x0000000025110000)]
  0x000000001b341000 JavaThread "AWT-Windows" daemon [_thread_in_native, id=7656, stack(0x0000000023990000,0x0000000023a90000)]
  0x000000001a7f3800 JavaThread "Java2D Disposer" daemon [_thread_blocked, id=7680, stack(0x0000000023500000,0x0000000023600000)]
  0x000000001a7f0800 JavaThread "GT authority factory disposer" daemon [_thread_blocked, id=2556, stack(0x000000001c240000,0x000000001c340000)]
  0x000000001a7f4800 JavaThread "WeakCollectionCleaner" daemon [_thread_blocked, id=9604, stack(0x0000000022930000,0x0000000022a30000)]
  0x000000001a7f0000 JavaThread "Timer-1" [_thread_blocked, id=3092, stack(0x00000000226e0000,0x00000000227e0000)]
  0x000000001a7ef000 JavaThread "Worker-1" daemon [_thread_blocked, id=1240, stack(0x0000000022e00000,0x0000000022f00000)]
  0x000000001a7f1800 JavaThread "Thread-4" [_thread_blocked, id=4144, stack(0x0000000022d00000,0x0000000022e00000)]
  0x000000001a7f3000 JavaThread "Worker-0" daemon [_thread_blocked, id=2160, stack(0x0000000022830000,0x0000000022930000)]
  0x000000001a7f2000 JavaThread "com.google.inject.internal.util.$Finalizer" daemon [_thread_blocked, id=8248, stack(0x0000000020b60000,0x0000000020c60000)]
  0x000000001a7ee800 JavaThread "EMF Reference Cleaner" daemon [_thread_blocked, id=7716, stack(0x000000001f840000,0x000000001f940000)]
  0x000000001b09e000 JavaThread "Bundle File Closer" daemon [_thread_blocked, id=9328, stack(0x000000001cba0000,0x000000001cca0000)]
  0x0000000019d3d800 JavaThread "Gogo shell" [_thread_blocked, id=8492, stack(0x000000001c8a0000,0x000000001c9a0000)]
  0x000000001aa96800 JavaThread "SCR Component Actor" daemon [_thread_blocked, id=3728, stack(0x000000001c140000,0x000000001c240000)]
  0x000000001a82d800 JavaThread "Worker-JM" daemon [_thread_blocked, id=6168, stack(0x000000001c040000,0x000000001c140000)]
  0x000000001a40d800 JavaThread "Start Level: Equinox Container: ea5efd1f-849b-4426-a424-f7d6419a824f" daemon [_thread_blocked, id=7260, stack(0x000000001bc50000,0x000000001bd50000)]
  0x000000001a403000 JavaThread "Framework Event Dispatcher: Equinox Container: ea5efd1f-849b-4426-a424-f7d6419a824f" daemon [_thread_blocked, id=1772, stack(0x000000001bb50000,0x000000001bc50000)]
  0x000000001a466800 JavaThread "Active Thread: Equinox Container: ea5efd1f-849b-4426-a424-f7d6419a824f" [_thread_blocked, id=9488, stack(0x000000001ba50000,0x000000001bb50000)]
  0x0000000019961000 JavaThread "Service Thread" daemon [_thread_blocked, id=7356, stack(0x0000000019d40000,0x0000000019e40000)]
  0x0000000017fd3800 JavaThread "C1 CompilerThread2" daemon [_thread_blocked, id=5428, stack(0x0000000019840000,0x0000000019940000)]
  0x0000000017fc3800 JavaThread "C2 CompilerThread1" daemon [_thread_blocked, id=7076, stack(0x0000000019740000,0x0000000019840000)]
=>0x0000000017fc0800 JavaThread "C2 CompilerThread0" daemon [_thread_in_native, id=10208, stack(0x0000000019640000,0x0000000019740000)]
  0x0000000017fbe000 JavaThread "Attach Listener" daemon [_thread_blocked, id=8464, stack(0x0000000019540000,0x0000000019640000)]
  0x0000000017fbd000 JavaThread "Signal Dispatcher" daemon [_thread_blocked, id=7380, stack(0x0000000019440000,0x0000000019540000)]
  0x0000000017fb0000 JavaThread "Finalizer" daemon [_thread_blocked, id=952, stack(0x0000000019220000,0x0000000019320000)]
  0x0000000003395000 JavaThread "Reference Handler" daemon [_thread_blocked, id=4972, stack(0x0000000019120000,0x0000000019220000)]
  0x000000000329e000 JavaThread "main" [_thread_blocked, id=2552, stack(0x0000000003140000,0x0000000003240000)]

Other Threads:
  0x0000000017f88800 VMThread [stack: 0x0000000019020000,0x0000000019120000] [id=2204]
  0x000000001801e800 WatcherThread [stack: 0x0000000019e40000,0x0000000019f40000] [id=7864]

VM state:not at safepoint (normal execution)

VM Mutex/Monitor currently owned by a thread: None

Heap:
 PSYoungGen      total 650752K, used 433573K [0x00000000d5580000, 0x00000000fff00000, 0x0000000100000000)
  eden space 629760K, 68% used [0x00000000d5580000,0x00000000ef9b4540,0x00000000fbc80000)
  from space 20992K, 15% used [0x00000000fbc80000,0x00000000fbfb5220,0x00000000fd100000)
  to   space 19968K, 0% used [0x00000000feb80000,0x00000000feb80000,0x00000000fff00000)
 ParOldGen       total 585728K, used 65650K [0x0000000080000000, 0x00000000a3c00000, 0x00000000d5580000)
  object space 585728K, 11% used [0x0000000080000000,0x000000008401c9b8,0x00000000a3c00000)
 Metaspace       used 59380K, capacity 64388K, committed 64536K, reserved 1103872K
  class space    used 7865K, capacity 9657K, committed 9752K, reserved 1048576K

Card table byte_map: [0x0000000012760000,0x0000000012b70000] byte_map_base: 0x0000000012360000

Marking Bits: (ParMarkBitMap*) 0x000000006d1008c0
 Begin Bits: [0x0000000013220000, 0x0000000015220000)
 End Bits:   [0x0000000015220000, 0x0000000017220000)

Polling page: 0x0000000001840000

CodeCache: size=245760Kb used=21210Kb max_used=21870Kb free=224549Kb
 bounds [0x00000000033a0000, 0x0000000004930000, 0x00000000123a0000]
 total_blobs=7305 nmethods=6526 adapters=689
 compilation: enabled

Compilation events (10 events):
Event: 44.481 Thread 0x0000000017fc0800 nmethod 7935% 0x0000000004568410 code [0x0000000004568980, 0x000000000456d3b8]
Event: 44.721 Thread 0x0000000017fc3800 7936       4       java.lang.Long::getChars (221 bytes)
Event: 44.731 Thread 0x0000000017fc3800 nmethod 7936 0x0000000004215110 code [0x0000000004215260, 0x0000000004215c38]
Event: 45.391 Thread 0x0000000017fd3800 7937       3       java.util.regex.Pattern$SliceNode::study (37 bytes)
Event: 45.392 Thread 0x0000000017fd3800 nmethod 7937 0x00000000035602d0 code [0x0000000003560440, 0x0000000003560688]
Event: 48.372 Thread 0x0000000017fd3800 7938       3       java.util.concurrent.ConcurrentHashMap$KeySetView::iterator (34 bytes)
Event: 48.373 Thread 0x0000000017fd3800 nmethod 7938 0x00000000039aa410 code [0x00000000039aa5a0, 0x00000000039aa9b8]
Event: 48.373 Thread 0x0000000017fd3800 7939       3       java.util.concurrent.ConcurrentHashMap$KeyIterator::<init> (12 bytes)
Event: 48.373 Thread 0x0000000017fd3800 nmethod 7939 0x0000000003ef3710 code [0x0000000003ef3880, 0x0000000003ef3b58]
Event: 49.265 Thread 0x0000000017fc0800 7940       4       msi.gama.outputs.layers.charts.ChartJFreeChartOutputScatter::resetSerie (679 bytes)

GC Heap History (10 events):
Event: 37.101 GC heap before
{Heap before GC invocations=22 (full 3):
 PSYoungGen      total 590848K, used 579169K [0x00000000d5580000, 0x00000000fb300000, 0x0000000100000000)
  eden space 572928K, 100% used [0x00000000d5580000,0x00000000f8500000,0x00000000f8500000)
  from space 17920K, 34% used [0x00000000fa180000,0x00000000fa798540,0x00000000fb300000)
  to   space 23552K, 0% used [0x00000000f8500000,0x00000000f8500000,0x00000000f9c00000)
 ParOldGen       total 585728K, used 62250K [0x0000000080000000, 0x00000000a3c00000, 0x00000000d5580000)
  object space 585728K, 10% used [0x0000000080000000,0x0000000083cca840,0x00000000a3c00000)
 Metaspace       used 59379K, capacity 64388K, committed 64536K, reserved 1103872K
  class space    used 7865K, capacity 9657K, committed 9752K, reserved 1048576K
Event: 37.110 GC heap after
Heap after GC invocations=22 (full 3):
 PSYoungGen      total 596480K, used 3392K [0x00000000d5580000, 0x00000000fd280000, 0x0000000100000000)
  eden space 572928K, 0% used [0x00000000d5580000,0x00000000d5580000,0x00000000f8500000)
  from space 23552K, 14% used [0x00000000f8500000,0x00000000f88500a0,0x00000000f9c00000)
  to   space 23040K, 0% used [0x00000000fbc00000,0x00000000fbc00000,0x00000000fd280000)
 ParOldGen       total 585728K, used 65346K [0x0000000080000000, 0x00000000a3c00000, 0x00000000d5580000)
  object space 585728K, 11% used [0x0000000080000000,0x0000000083fd09a8,0x00000000a3c00000)
 Metaspace       used 59379K, capacity 64388K, committed 64536K, reserved 1103872K
  class space    used 7865K, capacity 9657K, committed 9752K, reserved 1048576K
}
Event: 40.640 GC heap before
{Heap before GC invocations=23 (full 3):
 PSYoungGen      total 596480K, used 576320K [0x00000000d5580000, 0x00000000fd280000, 0x0000000100000000)
  eden space 572928K, 100% used [0x00000000d5580000,0x00000000f8500000,0x00000000f8500000)
  from space 23552K, 14% used [0x00000000f8500000,0x00000000f88500a0,0x00000000f9c00000)
  to   space 23040K, 0% used [0x00000000fbc00000,0x00000000fbc00000,0x00000000fd280000)
 ParOldGen       total 585728K, used 65346K [0x0000000080000000, 0x00000000a3c00000, 0x00000000d5580000)
  object space 585728K, 11% used [0x0000000080000000,0x0000000083fd09a8,0x00000000a3c00000)
 Metaspace       used 59379K, capacity 64388K, committed 64536K, reserved 1103872K
  class space    used 7865K, capacity 9657K, committed 9752K, reserved 1048576K
Event: 40.646 GC heap after
Heap after GC invocations=23 (full 3):
 PSYoungGen      total 616960K, used 3232K [0x00000000d5580000, 0x00000000fcc00000, 0x0000000100000000)
  eden space 600576K, 0% used [0x00000000d5580000,0x00000000d5580000,0x00000000fa000000)
  from space 16384K, 19% used [0x00000000fbc00000,0x00000000fbf280a0,0x00000000fcc00000)
  to   space 22528K, 0% used [0x00000000fa000000,0x00000000fa000000,0x00000000fb600000)
 ParOldGen       total 585728K, used 65466K [0x0000000080000000, 0x00000000a3c00000, 0x00000000d5580000)
  object space 585728K, 11% used [0x0000000080000000,0x0000000083fee9a8,0x00000000a3c00000)
 Metaspace       used 59379K, capacity 64388K, committed 64536K, reserved 1103872K
  class space    used 7865K, capacity 9657K, committed 9752K, reserved 1048576K
}
Event: 42.374 GC heap before
{Heap before GC invocations=24 (full 3):
 PSYoungGen      total 616960K, used 603808K [0x00000000d5580000, 0x00000000fcc00000, 0x0000000100000000)
  eden space 600576K, 100% used [0x00000000d5580000,0x00000000fa000000,0x00000000fa000000)
  from space 16384K, 19% used [0x00000000fbc00000,0x00000000fbf280a0,0x00000000fcc00000)
  to   space 22528K, 0% used [0x00000000fa000000,0x00000000fa000000,0x00000000fb600000)
 ParOldGen       total 585728K, used 65466K [0x0000000080000000, 0x00000000a3c00000, 0x00000000d5580000)
  object space 585728K, 11% used [0x0000000080000000,0x0000000083fee9a8,0x00000000a3c00000)
 Metaspace       used 59380K, capacity 64388K, committed 64536K, reserved 1103872K
  class space    used 7865K, capacity 9657K, committed 9752K, reserved 1048576K
Event: 42.386 GC heap after
Heap after GC invocations=24 (full 3):
 PSYoungGen      total 623104K, used 3232K [0x00000000d5580000, 0x00000000fe900000, 0x0000000100000000)
  eden space 600576K, 0% used [0x00000000d5580000,0x00000000d5580000,0x00000000fa000000)
  from space 22528K, 14% used [0x00000000fa000000,0x00000000fa3280a0,0x00000000fb600000)
  to   space 21504K, 0% used [0x00000000fd400000,0x00000000fd400000,0x00000000fe900000)
 ParOldGen       total 585728K, used 65586K [0x0000000080000000, 0x00000000a3c00000, 0x00000000d5580000)
  object space 585728K, 11% used [0x0000000080000000,0x000000008400c9b8,0x00000000a3c00000)
 Metaspace       used 59380K, capacity 64388K, committed 64536K, reserved 1103872K
  class space    used 7865K, capacity 9657K, committed 9752K, reserved 1048576K
}
Event: 45.147 GC heap before
{Heap before GC invocations=25 (full 3):
 PSYoungGen      total 623104K, used 603808K [0x00000000d5580000, 0x00000000fe900000, 0x0000000100000000)
  eden space 600576K, 100% used [0x00000000d5580000,0x00000000fa000000,0x00000000fa000000)
  from space 22528K, 14% used [0x00000000fa000000,0x00000000fa3280a0,0x00000000fb600000)
  to   space 21504K, 0% used [0x00000000fd400000,0x00000000fd400000,0x00000000fe900000)
 ParOldGen       total 585728K, used 65586K [0x0000000080000000, 0x00000000a3c00000, 0x00000000d5580000)
  object space 585728K, 11% used [0x0000000080000000,0x000000008400c9b8,0x00000000a3c00000)
 Metaspace       used 59380K, capacity 64388K, committed 64536K, reserved 1103872K
  class space    used 7865K, capacity 9657K, committed 9752K, reserved 1048576K
Event: 45.157 GC heap after
Heap after GC invocations=25 (full 3):
 PSYoungGen      total 647680K, used 3648K [0x00000000d5580000, 0x00000000fe580000, 0x0000000100000000)
  eden space 629760K, 0% used [0x00000000d5580000,0x00000000d5580000,0x00000000fbc80000)
  from space 17920K, 20% used [0x00000000fd400000,0x00000000fd7900a0,0x00000000fe580000)
  to   space 20992K, 0% used [0x00000000fbc80000,0x00000000fbc80000,0x00000000fd100000)
 ParOldGen       total 585728K, used 65618K [0x0000000080000000, 0x00000000a3c00000, 0x00000000d5580000)
  object space 585728K, 11% used [0x0000000080000000,0x00000000840149b8,0x00000000a3c00000)
 Metaspace       used 59380K, capacity 64388K, committed 64536K, reserved 1103872K
  class space    used 7865K, capacity 9657K, committed 9752K, reserved 1048576K
}
Event: 47.229 GC heap before
{Heap before GC invocations=26 (full 3):
 PSYoungGen      total 647680K, used 633408K [0x00000000d5580000, 0x00000000fe580000, 0x0000000100000000)
  eden space 629760K, 100% used [0x00000000d5580000,0x00000000fbc80000,0x00000000fbc80000)
  from space 17920K, 20% used [0x00000000fd400000,0x00000000fd7900a0,0x00000000fe580000)
  to   space 20992K, 0% used [0x00000000fbc80000,0x00000000fbc80000,0x00000000fd100000)
 ParOldGen       total 585728K, used 65618K [0x0000000080000000, 0x00000000a3c00000, 0x00000000d5580000)
  object space 585728K, 11% used [0x0000000080000000,0x00000000840149b8,0x00000000a3c00000)
 Metaspace       used 59380K, capacity 64388K, committed 64536K, reserved 1103872K
  class space    used 7865K, capacity 9657K, committed 9752K, reserved 1048576K
Event: 47.236 GC heap after
Heap after GC invocations=26 (full 3):
 PSYoungGen      total 650752K, used 3284K [0x00000000d5580000, 0x00000000fff00000, 0x0000000100000000)
  eden space 629760K, 0% used [0x00000000d5580000,0x00000000d5580000,0x00000000fbc80000)
  from space 20992K, 15% used [0x00000000fbc80000,0x00000000fbfb5220,0x00000000fd100000)
  to   space 19968K, 0% used [0x00000000feb80000,0x00000000feb80000,0x00000000fff00000)
 ParOldGen       total 585728K, used 65650K [0x0000000080000000, 0x00000000a3c00000, 0x00000000d5580000)
  object space 585728K, 11% used [0x0000000080000000,0x000000008401c9b8,0x00000000a3c00000)
 Metaspace       used 59380K, capacity 64388K, committed 64536K, reserved 1103872K
  class space    used 7865K, capacity 9657K, committed 9752K, reserved 1048576K
}

Deoptimization events (10 events):
Event: 31.012 Thread 0x000000001a466800 Uncommon trap: reason=bimorphic action=maybe_recompile pc=0x0000000003bd37a4 method=java.io.DataOutputStream.write([BII)V @ 7
Event: 31.036 Thread 0x000000001a466800 Uncommon trap: reason=unstable_if action=reinterpret pc=0x00000000041b3b18 method=java.util.HashMap.removeNode(ILjava/lang/Object;Ljava/lang/Object;ZZ)Ljava/util/HashMap$Node; @ 62
Event: 31.037 Thread 0x000000001a466800 Uncommon trap: reason=unstable_if action=reinterpret pc=0x0000000003783a18 method=sun.nio.cs.UTF_8$Encoder.encode([CII[B)I @ 33
Event: 31.038 Thread 0x000000001a466800 Uncommon trap: reason=unstable_if action=reinterpret pc=0x00000000044b1b00 method=java.io.DataOutputStream.writeUTF(Ljava/lang/String;Ljava/io/DataOutput;)I @ 37
Event: 31.045 Thread 0x000000001a466800 Uncommon trap: reason=unstable_if action=reinterpret pc=0x0000000004896d68 method=java.io.BufferedOutputStream.write(I)V @ 9
Event: 31.160 Thread 0x000000001a466800 Uncommon trap: reason=class_check action=maybe_recompile pc=0x00000000047e960c method=java.io.BufferedOutputStream.flushBuffer()V @ 20
Event: 31.160 Thread 0x000000001a466800 Uncommon trap: reason=class_check action=maybe_recompile pc=0x00000000047e9550 method=java.io.BufferedOutputStream.flush()V @ 8
Event: 31.160 Thread 0x000000001a466800 Uncommon trap: reason=class_check action=maybe_recompile pc=0x00000000047e9550 method=java.io.BufferedOutputStream.flush()V @ 8
Event: 31.297 Thread 0x000000001a466800 Uncommon trap: reason=class_check action=maybe_recompile pc=0x000000000480e540 method=java.nio.charset.CharsetEncoder.encode(Ljava/nio/CharBuffer;Ljava/nio/ByteBuffer;Z)Ljava/nio/charset/CoderResult; @ 57
Event: 31.297 Thread 0x000000001a466800 Uncommon trap: reason=bimorphic action=maybe_recompile pc=0x000000000483f858 method=sun.nio.cs.StreamEncoder.writeBytes()V @ 120

Classes redefined (0 events):
No events

Internal exceptions (10 events):
Event: 6.200 Thread 0x000000001a7f1800 Exception <a 'java/lang/NoSuchMethodError': java.lang.Object.lambda$4(Ljava/lang/Object;)Ljava/lang/Object;> (0x00000000d9c77a70) thrown at [C:\re\workspace\8-2-build-windows-amd64-cygwin\jdk8u171\10807\hotspot\src\share\vm\interpreter\linkResolver.cpp, l
Event: 6.966 Thread 0x000000001a7f1800 Exception <a 'java/io/FileNotFoundException'> (0x00000000dd647378) thrown at [C:\re\workspace\8-2-build-windows-amd64-cygwin\jdk8u171\10807\hotspot\src\share\vm\prims\jni.cpp, line 709]
Event: 7.745 Thread 0x000000001a7f1800 Exception <a 'java/io/FileNotFoundException'> (0x00000000d5c6e838) thrown at [C:\re\workspace\8-2-build-windows-amd64-cygwin\jdk8u171\10807\hotspot\src\share\vm\prims\jni.cpp, line 709]
Event: 9.148 Thread 0x000000001b33b000 Implicit null exception at 0x0000000003aed82f to 0x0000000003aedac5
Event: 9.148 Thread 0x000000001b33b000 Implicit null exception at 0x00000000040f0dd3 to 0x00000000040f0f7d
Event: 9.748 Thread 0x000000001e30f800 Implicit null exception at 0x00000000045606cc to 0x0000000004560711
Event: 9.896 Thread 0x000000001b33e000 Implicit null exception at 0x00000000041b4235 to 0x00000000041b450d
Event: 9.955 Thread 0x000000001b340000 Implicit null exception at 0x00000000041175c4 to 0x00000000041178dd
Event: 11.465 Thread 0x000000001b33f800 Implicit null exception at 0x00000000037ddd3f to 0x00000000037de069
Event: 31.036 Thread 0x000000001a466800 Implicit null exception at 0x00000000041b37f1 to 0x00000000041b3ae9

Events (10 events):
Event: 40.639 Executing VM operation: ParallelGCFailedAllocation
Event: 40.646 Executing VM operation: ParallelGCFailedAllocation done
Event: 42.374 Executing VM operation: ParallelGCFailedAllocation
Event: 42.386 Executing VM operation: ParallelGCFailedAllocation done
Event: 45.147 Executing VM operation: ParallelGCFailedAllocation
Event: 45.157 Executing VM operation: ParallelGCFailedAllocation done
Event: 47.229 Executing VM operation: ParallelGCFailedAllocation
Event: 47.236 Executing VM operation: ParallelGCFailedAllocation done
Event: 49.265 Thread 0x000000001b33d000 DEOPT PACKING pc=0x00000000047876fb sp=0x0000000024f0e910
Event: 49.265 Thread 0x000000001b33d000 DEOPT UNPACKING pc=0x00000000033e7890 sp=0x0000000024f0e898 mode 0


Dynamic libraries:
0x00007ff6f7a30000 - 0x00007ff6f7a67000 	C:\Users\Usuario\Documents\Pasta_Leonardo\Gama\jdk\bin\java.exe
0x00007ffd61ee0000 - 0x00007ffd620e9000 	C:\WINDOWS\SYSTEM32\ntdll.dll
0x00007ffd610b0000 - 0x00007ffd6116d000 	C:\WINDOWS\System32\KERNEL32.DLL
0x00007ffd5f620000 - 0x00007ffd5f994000 	C:\WINDOWS\System32\KERNELBASE.dll
0x00007ffd60670000 - 0x00007ffd6071e000 	C:\WINDOWS\System32\ADVAPI32.dll
0x00007ffd61640000 - 0x00007ffd616e3000 	C:\WINDOWS\System32\msvcrt.dll
0x00007ffd60290000 - 0x00007ffd6032e000 	C:\WINDOWS\System32\sechost.dll
0x00007ffd5ff30000 - 0x00007ffd60050000 	C:\WINDOWS\System32\RPCRT4.dll
0x00007ffd5fd80000 - 0x00007ffd5ff2c000 	C:\WINDOWS\System32\USER32.dll
0x00007ffd5fd50000 - 0x00007ffd5fd76000 	C:\WINDOWS\System32\win32u.dll
0x00007ffd60f50000 - 0x00007ffd60f79000 	C:\WINDOWS\System32\GDI32.dll
0x00007ffd5fa20000 - 0x00007ffd5fb32000 	C:\WINDOWS\System32\gdi32full.dll
0x00007ffd5fcb0000 - 0x00007ffd5fd4d000 	C:\WINDOWS\System32\msvcp_win.dll
0x00007ffd5f3d0000 - 0x00007ffd5f4e1000 	C:\WINDOWS\System32\ucrtbase.dll
0x00007ffd52300000 - 0x00007ffd525a5000 	C:\WINDOWS\WinSxS\amd64_microsoft.windows.common-controls_6595b64144ccf1df_6.0.22000.120_none_9d947278b86cc467\COMCTL32.dll
0x00007ffd61000000 - 0x00007ffd61031000 	C:\WINDOWS\System32\IMM32.DLL
0x000000006d180000 - 0x000000006d252000 	C:\Users\Usuario\Documents\Pasta_Leonardo\Gama\jdk\jre\bin\msvcr100.dll
0x000000006c8e0000 - 0x000000006d180000 	C:\Users\Usuario\Documents\Pasta_Leonardo\Gama\jdk\jre\bin\server\jvm.dll
0x00007ffd60e10000 - 0x00007ffd60e18000 	C:\WINDOWS\System32\PSAPI.DLL
0x00007ffd59a60000 - 0x00007ffd59a69000 	C:\WINDOWS\SYSTEM32\WSOCK32.dll
0x00007ffd61040000 - 0x00007ffd610af000 	C:\WINDOWS\System32\WS2_32.dll
0x00007ffd553f0000 - 0x00007ffd55423000 	C:\WINDOWS\SYSTEM32\WINMM.dll
0x00007ffd5b530000 - 0x00007ffd5b53a000 	C:\WINDOWS\SYSTEM32\VERSION.dll
0x000000006c8d0000 - 0x000000006c8df000 	C:\Users\Usuario\Documents\Pasta_Leonardo\Gama\jdk\jre\bin\verify.dll
0x000000006c8a0000 - 0x000000006c8c9000 	C:\Users\Usuario\Documents\Pasta_Leonardo\Gama\jdk\jre\bin\java.dll
0x000000006c880000 - 0x000000006c896000 	C:\Users\Usuario\Documents\Pasta_Leonardo\Gama\jdk\jre\bin\zip.dll
0x00007ffd616f0000 - 0x00007ffd61e9e000 	C:\WINDOWS\System32\SHELL32.dll
0x00007ffd5d500000 - 0x00007ffd5dd68000 	C:\WINDOWS\SYSTEM32\windows.storage.dll
0x00007ffd60830000 - 0x00007ffd60ba8000 	C:\WINDOWS\System32\combase.dll
0x00007ffd5d390000 - 0x00007ffd5d4f6000 	C:\WINDOWS\SYSTEM32\wintypes.dll
0x00007ffd60c20000 - 0x00007ffd60d0a000 	C:\WINDOWS\System32\SHCORE.dll
0x00007ffd60070000 - 0x00007ffd600cd000 	C:\WINDOWS\System32\shlwapi.dll
0x00007ffd5f300000 - 0x00007ffd5f321000 	C:\WINDOWS\SYSTEM32\profapi.dll
0x00007ffd5eb50000 - 0x00007ffd5eb68000 	C:\WINDOWS\SYSTEM32\CRYPTSP.dll
0x00007ffd5e430000 - 0x00007ffd5e465000 	C:\WINDOWS\system32\rsaenh.dll
0x00007ffd5e9f0000 - 0x00007ffd5ea19000 	C:\WINDOWS\SYSTEM32\USERENV.dll
0x00007ffd5ecc0000 - 0x00007ffd5ece7000 	C:\WINDOWS\SYSTEM32\bcrypt.dll
0x00007ffd5f9a0000 - 0x00007ffd5fa1f000 	C:\WINDOWS\System32\bcryptprimitives.dll
0x00007ffd5eb40000 - 0x00007ffd5eb4c000 	C:\WINDOWS\SYSTEM32\CRYPTBASE.dll
0x000000006c860000 - 0x000000006c87a000 	C:\Users\Usuario\Documents\Pasta_Leonardo\Gama\jdk\jre\bin\net.dll
0x00007ffd5e900000 - 0x00007ffd5e967000 	C:\WINDOWS\system32\mswsock.dll
0x00007ffd5e050000 - 0x00007ffd5e07d000 	C:\WINDOWS\SYSTEM32\IPHLPAPI.DLL
0x00007ffd60e20000 - 0x00007ffd60e29000 	C:\WINDOWS\System32\NSI.dll
0x00007ffd5a9e0000 - 0x00007ffd5a9f9000 	C:\WINDOWS\SYSTEM32\dhcpcsvc6.DLL
0x00007ffd5b750000 - 0x00007ffd5b76e000 	C:\WINDOWS\SYSTEM32\dhcpcsvc.DLL
0x00007ffd5e0c0000 - 0x00007ffd5e1a7000 	C:\WINDOWS\SYSTEM32\DNSAPI.dll
0x000000006c840000 - 0x000000006c851000 	C:\Users\Usuario\Documents\Pasta_Leonardo\Gama\jdk\jre\bin\nio.dll
0x00007ffd562a0000 - 0x00007ffd562c9000 	C:\Users\Usuario\Documents\Pasta_Leonardo\Gama\plugins\org.eclipse.equinox.launcher.win32.win32.x86_64_1.1.1000.v20190125-2016\eclipse_1801.dll
0x000000006c6a0000 - 0x000000006c838000 	C:\Users\Usuario\Documents\Pasta_Leonardo\Gama\jdk\jre\bin\awt.dll
0x00007ffd60340000 - 0x00007ffd60416000 	C:\WINDOWS\System32\OLEAUT32.dll
0x00007ffd5c910000 - 0x00007ffd5c9a1000 	C:\WINDOWS\SYSTEM32\apphelp.dll
0x00007ffd5cb20000 - 0x00007ffd5cbcc000 	C:\WINDOWS\system32\uxtheme.dll
0x00007ffd2df00000 - 0x00007ffd2df8b000 	C:\Program Files\TeamViewer\tv_x64.dll
0x00007ffd604d0000 - 0x00007ffd6066a000 	C:\WINDOWS\System32\ole32.dll
0x00007ffd60e30000 - 0x00007ffd60f4e000 	C:\WINDOWS\System32\MSCTF.dll
0x00007ffd5e4d0000 - 0x00007ffd5e4e8000 	C:\WINDOWS\SYSTEM32\kernel.appcore.dll
0x00007ffd5cfa0000 - 0x00007ffd5cfcf000 	C:\WINDOWS\system32\DWMAPI.DLL
0x000000006c650000 - 0x000000006c697000 	C:\Users\Usuario\Documents\Pasta_Leonardo\Gama\jdk\jre\bin\fontmanager.dll
0x000000006c600000 - 0x000000006c642000 	C:\Users\Usuario\Documents\Pasta_Leonardo\Gama\jdk\jre\bin\t2k.dll
0x000000006c5d0000 - 0x000000006c5fa000 	C:\Users\Usuario\Documents\Pasta_Leonardo\Gama\jdk\jre\bin\dcpr.dll

VM Arguments:
jvm_args: -Xms512m -Xmx2048m -Djava.awt.headless=true 
java_command: org.eclipse.core.launcher.Main -application msi.gama.headless.id4 -data .work11679 apos_evento_75.xml simulacoes/apos_evento_75
java_class_path (initial): C:\Users\Usuario\Documents\Pasta_Leonardo\Gama\plugins\org.eclipse.equinox.launcher_1.5.300.v20190213-1655.jar
Launcher Type: SUN_STANDARD

Environment Variables:
PATH=C:\Program Files (x86)\Common Files\Oracle\Java\javapath;C:\ProgramData\Oracle\Java\javapath;C:\WINDOWS\system32;C:\WINDOWS;C:\WINDOWS\System32\Wbem;C:\WINDOWS\System32\WindowsPowerShell\v1.0\;C:\WINDOWS\System32\OpenSSH\;C:\Program Files\Microsoft SQL Server\120\Tools\Binn\;C:\Program Files\Common Files\Autodesk Shared\;C:\Program Files\Git\cmd;C:\Program Files\dotnet\;C:\Users\Usuario\AppData\Local\Microsoft\WindowsApps;C:\Users\Usuario\Documents\Pasta_Leonardo\Gama\;C:\Users\Usuario\Documents\Pasta_Leonardo\Gama\headless;
USERNAME=Usuario
OS=Windows_NT
PROCESSOR_IDENTIFIER=Intel64 Family 6 Model 158 Stepping 11, GenuineIntel



---------------  S Y S T E M  ---------------

OS: Windows 10.0 , 64 bit Build 22000 (10.0.22000.434)

CPU:total 4 (initial active 4) (4 cores per cpu, 1 threads per core) family 6 model 158 stepping 11, cmov, cx8, fxsr, mmx, sse, sse2, sse3, ssse3, sse4.1, sse4.2, popcnt, avx, avx2, aes, clmul, erms, 3dnowpref, lzcnt, tsc, tscinvbit, bmi1, bmi2, adx

Memory: 4k page, physical 8193092k(1877640k free), swap 8602692k(5196k free)

vm_info: Java HotSpot(TM) 64-Bit Server VM (25.171-b11) for windows-amd64 JRE (1.8.0_171-b11), built on Mar 28 2018 16:06:12 by "java_re" with MS VC++ 10.0 (VS2010)

time: Fri Apr 08 15:16:41 2022
elapsed time: 49 seconds (0d 0h 0m 49s)

